<?xml version="1.0" encoding="UTF-8"?>
<coverage generated="1656017478">
  <project timestamp="1656017478">
    <file name="/app/src/DividendsRequestInterface.php">
      <metrics loc="30" ncloc="18" classes="0" methods="0" coveredmethods="0" conditionals="0" coveredconditionals="0" statements="0" coveredstatements="0" elements="0" coveredelements="0"/>
    </file>
    <file name="/app/src/DividendsService.php">
      <class name="rocketfellows\TinkoffInvestV1MethodGetDividends\DividendsService" namespace="global">
        <metrics complexity="4" methods="4" coveredmethods="4" conditionals="0" coveredconditionals="0" statements="4" coveredstatements="4" elements="8" coveredelements="8"/>
      </class>
      <line num="17" type="method" name="__construct" visibility="public" complexity="1" crap="1" count="3"/>
      <line num="19" type="stmt" count="3"/>
      <line num="26" type="method" name="getAll" visibility="public" complexity="1" crap="1" count="1"/>
      <line num="28" type="stmt" count="1"/>
      <line num="35" type="method" name="getBeforeDate" visibility="public" complexity="1" crap="1" count="1"/>
      <line num="37" type="stmt" count="1"/>
      <line num="44" type="method" name="getByPeriod" visibility="public" complexity="1" crap="1" count="1"/>
      <line num="46" type="stmt" count="1"/>
      <metrics loc="49" ncloc="34" classes="1" methods="4" coveredmethods="4" conditionals="0" coveredconditionals="0" statements="4" coveredstatements="4" elements="8" coveredelements="8"/>
    </file>
    <file name="/app/src/adapters/rest/DividendsRequestService.php">
      <class name="rocketfellows\TinkoffInvestV1MethodGetDividends\adapters\rest\DividendsRequestService" namespace="global">
        <metrics complexity="10" methods="6" coveredmethods="6" conditionals="0" coveredconditionals="0" statements="40" coveredstatements="40" elements="46" coveredelements="46"/>
      </class>
      <line num="44" type="method" name="__construct" visibility="public" complexity="1" crap="1" count="22"/>
      <line num="46" type="stmt" count="22"/>
      <line num="49" type="method" name="requestAll" visibility="public" complexity="1" crap="1" count="7"/>
      <line num="51" type="stmt" count="7"/>
      <line num="54" type="method" name="requestToDate" visibility="public" complexity="1" crap="1" count="7"/>
      <line num="56" type="stmt" count="7"/>
      <line num="58" type="stmt" count="7"/>
      <line num="62" type="method" name="requestByPeriod" visibility="public" complexity="1" crap="1" count="7"/>
      <line num="64" type="stmt" count="7"/>
      <line num="66" type="stmt" count="7"/>
      <line num="67" type="stmt" count="7"/>
      <line num="75" type="method" name="request" visibility="private" complexity="4" crap="4" count="21"/>
      <line num="78" type="stmt" count="21"/>
      <line num="79" type="stmt" count="21"/>
      <line num="81" type="stmt" count="9"/>
      <line num="82" type="stmt" count="3"/>
      <line num="83" type="stmt" count="6"/>
      <line num="84" type="stmt" count="3"/>
      <line num="85" type="stmt" count="3"/>
      <line num="86" type="stmt" count="3"/>
      <line num="90" type="method" name="createDividendsFromRawData" visibility="private" complexity="2" crap="2" count="12"/>
      <line num="92" type="stmt" count="12"/>
      <line num="93" type="stmt" count="12"/>
      <line num="94" type="stmt" count="12"/>
      <line num="95" type="stmt" count="12"/>
      <line num="96" type="stmt" count="12"/>
      <line num="97" type="stmt" count="12"/>
      <line num="98" type="stmt" count="12"/>
      <line num="100" type="stmt" count="12"/>
      <line num="101" type="stmt" count="12"/>
      <line num="103" type="stmt" count="12"/>
      <line num="104" type="stmt" count="12"/>
      <line num="105" type="stmt" count="12"/>
      <line num="107" type="stmt" count="12"/>
      <line num="108" type="stmt" count="12"/>
      <line num="110" type="stmt" count="12"/>
      <line num="111" type="stmt" count="12"/>
      <line num="112" type="stmt" count="12"/>
      <line num="114" type="stmt" count="12"/>
      <line num="115" type="stmt" count="12"/>
      <line num="116" type="stmt" count="12"/>
      <line num="117" type="stmt" count="12"/>
      <line num="118" type="stmt" count="12"/>
      <line num="119" type="stmt" count="12"/>
      <line num="120" type="stmt" count="12"/>
      <line num="121" type="stmt" count="12"/>
      <metrics loc="129" ncloc="125" classes="1" methods="6" coveredmethods="6" conditionals="0" coveredconditionals="0" statements="40" coveredstatements="40" elements="46" coveredelements="46"/>
    </file>
    <file name="/app/src/exceptions/DividendsServiceException.php">
      <class name="rocketfellows\TinkoffInvestV1MethodGetDividends\exceptions\DividendsServiceException" namespace="global">
        <metrics complexity="0" methods="0" coveredmethods="0" conditionals="0" coveredconditionals="0" statements="0" coveredstatements="0" elements="0" coveredelements="0"/>
      </class>
      <metrics loc="10" ncloc="10" classes="0" methods="0" coveredmethods="0" conditionals="0" coveredconditionals="0" statements="0" coveredstatements="0" elements="0" coveredelements="0"/>
    </file>
    <file name="/app/src/exceptions/IncorrectInputsException.php">
      <class name="rocketfellows\TinkoffInvestV1MethodGetDividends\exceptions\IncorrectInputsException" namespace="global">
        <metrics complexity="0" methods="0" coveredmethods="0" conditionals="0" coveredconditionals="0" statements="0" coveredstatements="0" elements="0" coveredelements="0"/>
      </class>
      <metrics loc="8" ncloc="8" classes="0" methods="0" coveredmethods="0" conditionals="0" coveredconditionals="0" statements="0" coveredstatements="0" elements="0" coveredelements="0"/>
    </file>
    <file name="/app/src/exceptions/SourceFaultException.php">
      <class name="rocketfellows\TinkoffInvestV1MethodGetDividends\exceptions\SourceFaultException" namespace="global">
        <metrics complexity="0" methods="0" coveredmethods="0" conditionals="0" coveredconditionals="0" statements="0" coveredstatements="0" elements="0" coveredelements="0"/>
      </class>
      <metrics loc="8" ncloc="8" classes="0" methods="0" coveredmethods="0" conditionals="0" coveredconditionals="0" statements="0" coveredstatements="0" elements="0" coveredelements="0"/>
    </file>
    <file name="/app/src/models/Dividend.php">
      <class name="rocketfellows\TinkoffInvestV1MethodGetDividends\models\Dividend" namespace="global">
        <metrics complexity="11" methods="11" coveredmethods="11" conditionals="0" coveredconditionals="0" statements="20" coveredstatements="20" elements="31" coveredelements="31"/>
      </class>
      <line num="22" type="method" name="__construct" visibility="public" complexity="1" crap="1" count="15"/>
      <line num="34" type="stmt" count="15"/>
      <line num="35" type="stmt" count="15"/>
      <line num="36" type="stmt" count="15"/>
      <line num="37" type="stmt" count="15"/>
      <line num="38" type="stmt" count="15"/>
      <line num="39" type="stmt" count="15"/>
      <line num="40" type="stmt" count="15"/>
      <line num="41" type="stmt" count="15"/>
      <line num="42" type="stmt" count="15"/>
      <line num="43" type="stmt" count="15"/>
      <line num="46" type="method" name="getDividendNet" visibility="public" complexity="1" crap="1" count="3"/>
      <line num="48" type="stmt" count="3"/>
      <line num="51" type="method" name="getPaymentDate" visibility="public" complexity="1" crap="1" count="3"/>
      <line num="53" type="stmt" count="3"/>
      <line num="56" type="method" name="getDeclaredDate" visibility="public" complexity="1" crap="1" count="3"/>
      <line num="58" type="stmt" count="3"/>
      <line num="61" type="method" name="getLastBuyDate" visibility="public" complexity="1" crap="1" count="3"/>
      <line num="63" type="stmt" count="3"/>
      <line num="66" type="method" name="getRecordDate" visibility="public" complexity="1" crap="1" count="3"/>
      <line num="68" type="stmt" count="3"/>
      <line num="71" type="method" name="getClosePrice" visibility="public" complexity="1" crap="1" count="3"/>
      <line num="73" type="stmt" count="3"/>
      <line num="76" type="method" name="getYieldValue" visibility="public" complexity="1" crap="1" count="3"/>
      <line num="78" type="stmt" count="3"/>
      <line num="81" type="method" name="getCreatedAt" visibility="public" complexity="1" crap="1" count="3"/>
      <line num="83" type="stmt" count="3"/>
      <line num="86" type="method" name="getDividendType" visibility="public" complexity="1" crap="1" count="3"/>
      <line num="88" type="stmt" count="3"/>
      <line num="91" type="method" name="getRegularity" visibility="public" complexity="1" crap="1" count="3"/>
      <line num="93" type="stmt" count="3"/>
      <metrics loc="96" ncloc="96" classes="1" methods="11" coveredmethods="11" conditionals="0" coveredconditionals="0" statements="20" coveredstatements="20" elements="31" coveredelements="31"/>
    </file>
    <file name="/app/src/models/Dividends.php">
      <class name="rocketfellows\TinkoffInvestV1MethodGetDividends\models\Dividends" namespace="global">
        <metrics complexity="2" methods="2" coveredmethods="2" conditionals="0" coveredconditionals="0" statements="2" coveredstatements="2" elements="4" coveredelements="4"/>
      </class>
      <line num="9" type="method" name="__construct" visibility="public" complexity="1" crap="1" count="19"/>
      <line num="11" type="stmt" count="19"/>
      <line num="14" type="method" name="current" visibility="public" complexity="1" crap="1" count="3"/>
      <line num="16" type="stmt" count="3"/>
      <metrics loc="19" ncloc="19" classes="1" methods="2" coveredmethods="2" conditionals="0" coveredconditionals="0" statements="2" coveredstatements="2" elements="4" coveredelements="4"/>
    </file>
    <metrics files="8" loc="349" ncloc="318" classes="4" methods="23" coveredmethods="23" conditionals="0" coveredconditionals="0" statements="66" coveredstatements="66" elements="89" coveredelements="89"/>
  </project>
</coverage>
